<?xml version="1.0" encoding="UTF-8"?>
<testsuite xmlns:xsi="http://www.w3.org/2001/XMLSchema-instance" xsi:noNamespaceSchemaLocation="https://maven.apache.org/surefire/maven-surefire-plugin/xsd/surefire-test-report-3.0.xsd" version="3.0" name="com.quantechs.Licences.LicencesApplicationTests" time="8.661" tests="1" errors="0" skipped="0" failures="0">
  <properties>
    <property name="java.specification.version" value="17"/>
    <property name="sun.jnu.encoding" value="UTF-8"/>
    <property name="java.class.path" value="/home/yanncedrick/SYSTEME-DE-GESTION-DES-LICENCES/target/test-classes:/home/yanncedrick/SYSTEME-DE-GESTION-DES-LICENCES/target/classes:/home/yanncedrick/.m2/repository/org/springframework/boot/spring-boot-starter-actuator/3.2.0/spring-boot-starter-actuator-3.2.0.jar:/home/yanncedrick/.m2/repository/org/springframework/boot/spring-boot-starter/3.1.1/spring-boot-starter-3.1.1.jar:/home/yanncedrick/.m2/repository/org/springframework/boot/spring-boot-starter-logging/3.1.1/spring-boot-starter-logging-3.1.1.jar:/home/yanncedrick/.m2/repository/ch/qos/logback/logback-classic/1.4.8/logback-classic-1.4.8.jar:/home/yanncedrick/.m2/repository/ch/qos/logback/logback-core/1.4.8/logback-core-1.4.8.jar:/home/yanncedrick/.m2/repository/org/apache/logging/log4j/log4j-to-slf4j/2.20.0/log4j-to-slf4j-2.20.0.jar:/home/yanncedrick/.m2/repository/org/apache/logging/log4j/log4j-api/2.20.0/log4j-api-2.20.0.jar:/home/yanncedrick/.m2/repository/org/slf4j/jul-to-slf4j/2.0.7/jul-to-slf4j-2.0.7.jar:/home/yanncedrick/.m2/repository/jakarta/annotation/jakarta.annotation-api/2.1.1/jakarta.annotation-api-2.1.1.jar:/home/yanncedrick/.m2/repository/org/yaml/snakeyaml/1.33/snakeyaml-1.33.jar:/home/yanncedrick/.m2/repository/org/springframework/boot/spring-boot-actuator-autoconfigure/3.1.1/spring-boot-actuator-autoconfigure-3.1.1.jar:/home/yanncedrick/.m2/repository/org/springframework/boot/spring-boot-actuator/3.1.1/spring-boot-actuator-3.1.1.jar:/home/yanncedrick/.m2/repository/com/fasterxml/jackson/core/jackson-databind/2.15.2/jackson-databind-2.15.2.jar:/home/yanncedrick/.m2/repository/com/fasterxml/jackson/core/jackson-core/2.15.2/jackson-core-2.15.2.jar:/home/yanncedrick/.m2/repository/com/fasterxml/jackson/datatype/jackson-datatype-jsr310/2.15.2/jackson-datatype-jsr310-2.15.2.jar:/home/yanncedrick/.m2/repository/io/micrometer/micrometer-observation/1.11.1/micrometer-observation-1.11.1.jar:/home/yanncedrick/.m2/repository/io/micrometer/micrometer-commons/1.11.1/micrometer-commons-1.11.1.jar:/home/yanncedrick/.m2/repository/io/micrometer/micrometer-jakarta9/1.12.0/micrometer-jakarta9-1.12.0.jar:/home/yanncedrick/.m2/repository/org/springframework/boot/spring-boot-starter-data-mongodb/3.1.1/spring-boot-starter-data-mongodb-3.1.1.jar:/home/yanncedrick/.m2/repository/org/mongodb/mongodb-driver-sync/4.9.1/mongodb-driver-sync-4.9.1.jar:/home/yanncedrick/.m2/repository/org/mongodb/bson/4.9.1/bson-4.9.1.jar:/home/yanncedrick/.m2/repository/org/mongodb/mongodb-driver-core/4.9.1/mongodb-driver-core-4.9.1.jar:/home/yanncedrick/.m2/repository/org/mongodb/bson-record-codec/4.9.1/bson-record-codec-4.9.1.jar:/home/yanncedrick/.m2/repository/org/springframework/data/spring-data-mongodb/4.1.1/spring-data-mongodb-4.1.1.jar:/home/yanncedrick/.m2/repository/org/springframework/spring-tx/6.0.10/spring-tx-6.0.10.jar:/home/yanncedrick/.m2/repository/org/springframework/spring-context/6.0.10/spring-context-6.0.10.jar:/home/yanncedrick/.m2/repository/org/springframework/spring-beans/6.0.10/spring-beans-6.0.10.jar:/home/yanncedrick/.m2/repository/org/springframework/spring-expression/6.0.10/spring-expression-6.0.10.jar:/home/yanncedrick/.m2/repository/org/springframework/data/spring-data-commons/3.1.1/spring-data-commons-3.1.1.jar:/home/yanncedrick/.m2/repository/io/micrometer/micrometer-registry-prometheus/1.11.1/micrometer-registry-prometheus-1.11.1.jar:/home/yanncedrick/.m2/repository/io/micrometer/micrometer-core/1.11.1/micrometer-core-1.11.1.jar:/home/yanncedrick/.m2/repository/org/hdrhistogram/HdrHistogram/2.1.12/HdrHistogram-2.1.12.jar:/home/yanncedrick/.m2/repository/org/latencyutils/LatencyUtils/2.0.3/LatencyUtils-2.0.3.jar:/home/yanncedrick/.m2/repository/io/prometheus/simpleclient_common/0.16.0/simpleclient_common-0.16.0.jar:/home/yanncedrick/.m2/repository/io/prometheus/simpleclient/0.16.0/simpleclient-0.16.0.jar:/home/yanncedrick/.m2/repository/io/prometheus/simpleclient_tracer_otel/0.16.0/simpleclient_tracer_otel-0.16.0.jar:/home/yanncedrick/.m2/repository/io/prometheus/simpleclient_tracer_common/0.16.0/simpleclient_tracer_common-0.16.0.jar:/home/yanncedrick/.m2/repository/io/prometheus/simpleclient_tracer_otel_agent/0.16.0/simpleclient_tracer_otel_agent-0.16.0.jar:/home/yanncedrick/.m2/repository/org/springframework/boot/spring-boot-starter-web/3.1.1/spring-boot-starter-web-3.1.1.jar:/home/yanncedrick/.m2/repository/org/springframework/boot/spring-boot-starter-json/3.1.1/spring-boot-starter-json-3.1.1.jar:/home/yanncedrick/.m2/repository/com/fasterxml/jackson/datatype/jackson-datatype-jdk8/2.15.2/jackson-datatype-jdk8-2.15.2.jar:/home/yanncedrick/.m2/repository/com/fasterxml/jackson/module/jackson-module-parameter-names/2.15.2/jackson-module-parameter-names-2.15.2.jar:/home/yanncedrick/.m2/repository/org/springframework/boot/spring-boot-starter-tomcat/3.1.1/spring-boot-starter-tomcat-3.1.1.jar:/home/yanncedrick/.m2/repository/org/apache/tomcat/embed/tomcat-embed-core/10.1.10/tomcat-embed-core-10.1.10.jar:/home/yanncedrick/.m2/repository/org/apache/tomcat/embed/tomcat-embed-websocket/10.1.10/tomcat-embed-websocket-10.1.10.jar:/home/yanncedrick/.m2/repository/org/springframework/spring-web/6.0.10/spring-web-6.0.10.jar:/home/yanncedrick/.m2/repository/org/springframework/spring-webmvc/6.0.10/spring-webmvc-6.0.10.jar:/home/yanncedrick/.m2/repository/org/springframework/spring-aop/6.0.10/spring-aop-6.0.10.jar:/home/yanncedrick/.m2/repository/org/springframework/data/spring-data-rest-hal-explorer/4.1.1/spring-data-rest-hal-explorer-4.1.1.jar:/home/yanncedrick/.m2/repository/org/springframework/data/spring-data-rest-webmvc/4.1.1/spring-data-rest-webmvc-4.1.1.jar:/home/yanncedrick/.m2/repository/org/springframework/data/spring-data-rest-core/4.1.1/spring-data-rest-core-4.1.1.jar:/home/yanncedrick/.m2/repository/org/springframework/hateoas/spring-hateoas/2.1.0/spring-hateoas-2.1.0.jar:/home/yanncedrick/.m2/repository/org/springframework/plugin/spring-plugin-core/3.0.0/spring-plugin-core-3.0.0.jar:/home/yanncedrick/.m2/repository/org/atteo/evo-inflector/1.3/evo-inflector-1.3.jar:/home/yanncedrick/.m2/repository/com/fasterxml/jackson/core/jackson-annotations/2.15.2/jackson-annotations-2.15.2.jar:/home/yanncedrick/.m2/repository/org/slf4j/slf4j-api/2.0.7/slf4j-api-2.0.7.jar:/home/yanncedrick/.m2/repository/org/springframework/boot/spring-boot-devtools/3.1.1/spring-boot-devtools-3.1.1.jar:/home/yanncedrick/.m2/repository/org/springframework/boot/spring-boot/3.1.1/spring-boot-3.1.1.jar:/home/yanncedrick/.m2/repository/org/springframework/boot/spring-boot-autoconfigure/3.1.1/spring-boot-autoconfigure-3.1.1.jar:/home/yanncedrick/.m2/repository/org/projectlombok/lombok/1.18.28/lombok-1.18.28.jar:/home/yanncedrick/.m2/repository/org/springframework/boot/spring-boot-starter-test/3.1.1/spring-boot-starter-test-3.1.1.jar:/home/yanncedrick/.m2/repository/org/springframework/boot/spring-boot-test/3.1.1/spring-boot-test-3.1.1.jar:/home/yanncedrick/.m2/repository/org/springframework/boot/spring-boot-test-autoconfigure/3.1.1/spring-boot-test-autoconfigure-3.1.1.jar:/home/yanncedrick/.m2/repository/com/jayway/jsonpath/json-path/2.8.0/json-path-2.8.0.jar:/home/yanncedrick/.m2/repository/jakarta/xml/bind/jakarta.xml.bind-api/4.0.0/jakarta.xml.bind-api-4.0.0.jar:/home/yanncedrick/.m2/repository/jakarta/activation/jakarta.activation-api/2.1.2/jakarta.activation-api-2.1.2.jar:/home/yanncedrick/.m2/repository/net/minidev/json-smart/2.4.11/json-smart-2.4.11.jar:/home/yanncedrick/.m2/repository/net/minidev/accessors-smart/2.4.11/accessors-smart-2.4.11.jar:/home/yanncedrick/.m2/repository/org/ow2/asm/asm/9.3/asm-9.3.jar:/home/yanncedrick/.m2/repository/org/assertj/assertj-core/3.24.2/assertj-core-3.24.2.jar:/home/yanncedrick/.m2/repository/net/bytebuddy/byte-buddy/1.14.5/byte-buddy-1.14.5.jar:/home/yanncedrick/.m2/repository/org/hamcrest/hamcrest/2.2/hamcrest-2.2.jar:/home/yanncedrick/.m2/repository/org/junit/jupiter/junit-jupiter/5.9.3/junit-jupiter-5.9.3.jar:/home/yanncedrick/.m2/repository/org/junit/jupiter/junit-jupiter-api/5.9.3/junit-jupiter-api-5.9.3.jar:/home/yanncedrick/.m2/repository/org/opentest4j/opentest4j/1.2.0/opentest4j-1.2.0.jar:/home/yanncedrick/.m2/repository/org/junit/platform/junit-platform-commons/1.9.3/junit-platform-commons-1.9.3.jar:/home/yanncedrick/.m2/repository/org/apiguardian/apiguardian-api/1.1.2/apiguardian-api-1.1.2.jar:/home/yanncedrick/.m2/repository/org/junit/jupiter/junit-jupiter-params/5.9.3/junit-jupiter-params-5.9.3.jar:/home/yanncedrick/.m2/repository/org/junit/jupiter/junit-jupiter-engine/5.9.3/junit-jupiter-engine-5.9.3.jar:/home/yanncedrick/.m2/repository/org/junit/platform/junit-platform-engine/1.9.3/junit-platform-engine-1.9.3.jar:/home/yanncedrick/.m2/repository/org/mockito/mockito-core/5.3.1/mockito-core-5.3.1.jar:/home/yanncedrick/.m2/repository/net/bytebuddy/byte-buddy-agent/1.14.5/byte-buddy-agent-1.14.5.jar:/home/yanncedrick/.m2/repository/org/objenesis/objenesis/3.3/objenesis-3.3.jar:/home/yanncedrick/.m2/repository/org/mockito/mockito-junit-jupiter/5.3.1/mockito-junit-jupiter-5.3.1.jar:/home/yanncedrick/.m2/repository/org/skyscreamer/jsonassert/1.5.1/jsonassert-1.5.1.jar:/home/yanncedrick/.m2/repository/com/vaadin/external/google/android-json/0.0.20131108.vaadin1/android-json-0.0.20131108.vaadin1.jar:/home/yanncedrick/.m2/repository/org/springframework/spring-core/6.0.10/spring-core-6.0.10.jar:/home/yanncedrick/.m2/repository/org/springframework/spring-jcl/6.0.10/spring-jcl-6.0.10.jar:/home/yanncedrick/.m2/repository/org/springframework/spring-test/6.0.10/spring-test-6.0.10.jar:/home/yanncedrick/.m2/repository/org/xmlunit/xmlunit-core/2.9.1/xmlunit-core-2.9.1.jar:/home/yanncedrick/.m2/repository/org/springdoc/springdoc-openapi-starter-webmvc-ui/2.0.4/springdoc-openapi-starter-webmvc-ui-2.0.4.jar:/home/yanncedrick/.m2/repository/org/springdoc/springdoc-openapi-starter-webmvc-api/2.0.4/springdoc-openapi-starter-webmvc-api-2.0.4.jar:/home/yanncedrick/.m2/repository/org/springdoc/springdoc-openapi-starter-common/2.0.4/springdoc-openapi-starter-common-2.0.4.jar:/home/yanncedrick/.m2/repository/io/swagger/core/v3/swagger-core-jakarta/2.2.8/swagger-core-jakarta-2.2.8.jar:/home/yanncedrick/.m2/repository/org/apache/commons/commons-lang3/3.12.0/commons-lang3-3.12.0.jar:/home/yanncedrick/.m2/repository/io/swagger/core/v3/swagger-annotations-jakarta/2.2.8/swagger-annotations-jakarta-2.2.8.jar:/home/yanncedrick/.m2/repository/io/swagger/core/v3/swagger-models-jakarta/2.2.8/swagger-models-jakarta-2.2.8.jar:/home/yanncedrick/.m2/repository/com/fasterxml/jackson/dataformat/jackson-dataformat-yaml/2.15.2/jackson-dataformat-yaml-2.15.2.jar:/home/yanncedrick/.m2/repository/org/webjars/swagger-ui/4.18.1/swagger-ui-4.18.1.jar:/home/yanncedrick/.m2/repository/org/webjars/webjars-locator-core/0.52/webjars-locator-core-0.52.jar:/home/yanncedrick/.m2/repository/io/github/classgraph/classgraph/4.8.149/classgraph-4.8.149.jar:/home/yanncedrick/.m2/repository/org/springdoc/springdoc-openapi-ui/1.6.15/springdoc-openapi-ui-1.6.15.jar:/home/yanncedrick/.m2/repository/org/springdoc/springdoc-openapi-webmvc-core/1.6.15/springdoc-openapi-webmvc-core-1.6.15.jar:/home/yanncedrick/.m2/repository/org/springdoc/springdoc-openapi-common/1.6.15/springdoc-openapi-common-1.6.15.jar:/home/yanncedrick/.m2/repository/io/swagger/core/v3/swagger-core/2.2.8/swagger-core-2.2.8.jar:/home/yanncedrick/.m2/repository/io/swagger/core/v3/swagger-annotations/2.2.8/swagger-annotations-2.2.8.jar:/home/yanncedrick/.m2/repository/io/swagger/core/v3/swagger-models/2.2.8/swagger-models-2.2.8.jar:/home/yanncedrick/.m2/repository/org/springframework/boot/spring-boot-starter-validation/3.0.2/spring-boot-starter-validation-3.0.2.jar:/home/yanncedrick/.m2/repository/org/apache/tomcat/embed/tomcat-embed-el/10.1.10/tomcat-embed-el-10.1.10.jar:/home/yanncedrick/.m2/repository/org/hibernate/validator/hibernate-validator/8.0.0.Final/hibernate-validator-8.0.0.Final.jar:/home/yanncedrick/.m2/repository/jakarta/validation/jakarta.validation-api/3.0.2/jakarta.validation-api-3.0.2.jar:/home/yanncedrick/.m2/repository/org/jboss/logging/jboss-logging/3.5.1.Final/jboss-logging-3.5.1.Final.jar:/home/yanncedrick/.m2/repository/com/fasterxml/classmate/1.5.1/classmate-1.5.1.jar:/home/yanncedrick/.m2/repository/jakarta/persistence/jakarta.persistence-api/3.1.0/jakarta.persistence-api-3.1.0.jar:/home/yanncedrick/.m2/repository/com/fasterxml/uuid/java-uuid-generator/3.1.4/java-uuid-generator-3.1.4.jar:/home/yanncedrick/.m2/repository/org/hibernate/hibernate-annotations/3.4.0.GA/hibernate-annotations-3.4.0.GA.jar:/home/yanncedrick/.m2/repository/org/hibernate/ejb3-persistence/1.0.2.GA/ejb3-persistence-1.0.2.GA.jar:/home/yanncedrick/.m2/repository/org/hibernate/hibernate-commons-annotations/3.1.0.GA/hibernate-commons-annotations-3.1.0.GA.jar:/home/yanncedrick/.m2/repository/org/hibernate/hibernate-core/3.3.0.SP1/hibernate-core-3.3.0.SP1.jar:/home/yanncedrick/.m2/repository/antlr/antlr/2.7.6/antlr-2.7.6.jar:/home/yanncedrick/.m2/repository/commons-collections/commons-collections/3.1/commons-collections-3.1.jar:/home/yanncedrick/.m2/repository/javax/transaction/jta/1.1/jta-1.1.jar:/home/yanncedrick/.m2/repository/dom4j/dom4j/1.6.1/dom4j-1.6.1.jar:/home/yanncedrick/.m2/repository/xml-apis/xml-apis/1.0.b2/xml-apis-1.0.b2.jar:/home/yanncedrick/.m2/repository/org/springframework/boot/spring-boot-starter-webflux/3.1.1/spring-boot-starter-webflux-3.1.1.jar:/home/yanncedrick/.m2/repository/org/springframework/boot/spring-boot-starter-reactor-netty/3.1.1/spring-boot-starter-reactor-netty-3.1.1.jar:/home/yanncedrick/.m2/repository/io/projectreactor/netty/reactor-netty-http/1.1.8/reactor-netty-http-1.1.8.jar:/home/yanncedrick/.m2/repository/io/netty/netty-codec-http/4.1.94.Final/netty-codec-http-4.1.94.Final.jar:/home/yanncedrick/.m2/repository/io/netty/netty-common/4.1.94.Final/netty-common-4.1.94.Final.jar:/home/yanncedrick/.m2/repository/io/netty/netty-buffer/4.1.94.Final/netty-buffer-4.1.94.Final.jar:/home/yanncedrick/.m2/repository/io/netty/netty-transport/4.1.94.Final/netty-transport-4.1.94.Final.jar:/home/yanncedrick/.m2/repository/io/netty/netty-codec/4.1.94.Final/netty-codec-4.1.94.Final.jar:/home/yanncedrick/.m2/repository/io/netty/netty-handler/4.1.94.Final/netty-handler-4.1.94.Final.jar:/home/yanncedrick/.m2/repository/io/netty/netty-codec-http2/4.1.94.Final/netty-codec-http2-4.1.94.Final.jar:/home/yanncedrick/.m2/repository/io/netty/netty-resolver-dns/4.1.94.Final/netty-resolver-dns-4.1.94.Final.jar:/home/yanncedrick/.m2/repository/io/netty/netty-resolver/4.1.94.Final/netty-resolver-4.1.94.Final.jar:/home/yanncedrick/.m2/repository/io/netty/netty-codec-dns/4.1.94.Final/netty-codec-dns-4.1.94.Final.jar:/home/yanncedrick/.m2/repository/io/netty/netty-resolver-dns-native-macos/4.1.94.Final/netty-resolver-dns-native-macos-4.1.94.Final-osx-x86_64.jar:/home/yanncedrick/.m2/repository/io/netty/netty-resolver-dns-classes-macos/4.1.94.Final/netty-resolver-dns-classes-macos-4.1.94.Final.jar:/home/yanncedrick/.m2/repository/io/netty/netty-transport-native-epoll/4.1.94.Final/netty-transport-native-epoll-4.1.94.Final-linux-x86_64.jar:/home/yanncedrick/.m2/repository/io/netty/netty-transport-native-unix-common/4.1.94.Final/netty-transport-native-unix-common-4.1.94.Final.jar:/home/yanncedrick/.m2/repository/io/netty/netty-transport-classes-epoll/4.1.94.Final/netty-transport-classes-epoll-4.1.94.Final.jar:/home/yanncedrick/.m2/repository/io/projectreactor/netty/reactor-netty-core/1.1.8/reactor-netty-core-1.1.8.jar:/home/yanncedrick/.m2/repository/io/netty/netty-handler-proxy/4.1.94.Final/netty-handler-proxy-4.1.94.Final.jar:/home/yanncedrick/.m2/repository/io/netty/netty-codec-socks/4.1.94.Final/netty-codec-socks-4.1.94.Final.jar:/home/yanncedrick/.m2/repository/org/springframework/spring-webflux/6.0.10/spring-webflux-6.0.10.jar:/home/yanncedrick/.m2/repository/io/projectreactor/reactor-core/3.5.7/reactor-core-3.5.7.jar:/home/yanncedrick/.m2/repository/org/reactivestreams/reactive-streams/1.0.4/reactive-streams-1.0.4.jar:/home/yanncedrick/.m2/repository/org/springframework/cloud/spring-cloud-starter-openfeign/3.1.1/spring-cloud-starter-openfeign-3.1.1.jar:/home/yanncedrick/.m2/repository/org/springframework/cloud/spring-cloud-starter/3.1.1/spring-cloud-starter-3.1.1.jar:/home/yanncedrick/.m2/repository/org/springframework/cloud/spring-cloud-context/3.1.1/spring-cloud-context-3.1.1.jar:/home/yanncedrick/.m2/repository/org/springframework/security/spring-security-rsa/1.0.10.RELEASE/spring-security-rsa-1.0.10.RELEASE.jar:/home/yanncedrick/.m2/repository/org/bouncycastle/bcpkix-jdk15on/1.68/bcpkix-jdk15on-1.68.jar:/home/yanncedrick/.m2/repository/org/bouncycastle/bcprov-jdk15on/1.68/bcprov-jdk15on-1.68.jar:/home/yanncedrick/.m2/repository/org/springframework/cloud/spring-cloud-openfeign-core/3.1.1/spring-cloud-openfeign-core-3.1.1.jar:/home/yanncedrick/.m2/repository/org/springframework/boot/spring-boot-starter-aop/3.1.1/spring-boot-starter-aop-3.1.1.jar:/home/yanncedrick/.m2/repository/org/aspectj/aspectjweaver/1.9.19/aspectjweaver-1.9.19.jar:/home/yanncedrick/.m2/repository/io/github/openfeign/form/feign-form-spring/3.8.0/feign-form-spring-3.8.0.jar:/home/yanncedrick/.m2/repository/io/github/openfeign/form/feign-form/3.8.0/feign-form-3.8.0.jar:/home/yanncedrick/.m2/repository/commons-fileupload/commons-fileupload/1.4/commons-fileupload-1.4.jar:/home/yanncedrick/.m2/repository/commons-io/commons-io/2.2/commons-io-2.2.jar:/home/yanncedrick/.m2/repository/org/springframework/cloud/spring-cloud-commons/3.1.1/spring-cloud-commons-3.1.1.jar:/home/yanncedrick/.m2/repository/org/springframework/security/spring-security-crypto/6.1.1/spring-security-crypto-6.1.1.jar:/home/yanncedrick/.m2/repository/io/github/openfeign/feign-core/11.8/feign-core-11.8.jar:/home/yanncedrick/.m2/repository/io/github/openfeign/feign-slf4j/11.8/feign-slf4j-11.8.jar:/home/yanncedrick/.m2/repository/com/stripe/stripe-java/22.28.0/stripe-java-22.28.0.jar:/home/yanncedrick/.m2/repository/com/google/code/gson/gson/2.10.1/gson-2.10.1.jar:"/>
    <property name="java.vm.vendor" value="Private Build"/>
    <property name="sun.arch.data.model" value="64"/>
    <property name="java.vendor.url" value="Unknown"/>
    <property name="user.timezone" value="Africa/Douala"/>
    <property name="org.jboss.logging.provider" value="slf4j"/>
    <property name="os.name" value="Linux"/>
    <property name="java.vm.specification.version" value="17"/>
    <property name="sun.java.launcher" value="SUN_STANDARD"/>
    <property name="user.country" value="US"/>
    <property name="sun.boot.library.path" value="/usr/lib/jvm/java-17-openjdk-amd64/lib"/>
    <property name="sun.java.command" value="/home/yanncedrick/SYSTEME-DE-GESTION-DES-LICENCES/target/surefire/surefirebooter-20231201083246165_3.jar /home/yanncedrick/SYSTEME-DE-GESTION-DES-LICENCES/target/surefire 2023-12-01T08-32-46_053-jvmRun1 surefire-20231201083246165_1tmp surefire_0-20231201083246165_2tmp"/>
    <property name="jdk.debug" value="release"/>
    <property name="surefire.test.class.path" value="/home/yanncedrick/SYSTEME-DE-GESTION-DES-LICENCES/target/test-classes:/home/yanncedrick/SYSTEME-DE-GESTION-DES-LICENCES/target/classes:/home/yanncedrick/.m2/repository/org/springframework/boot/spring-boot-starter-actuator/3.2.0/spring-boot-starter-actuator-3.2.0.jar:/home/yanncedrick/.m2/repository/org/springframework/boot/spring-boot-starter/3.1.1/spring-boot-starter-3.1.1.jar:/home/yanncedrick/.m2/repository/org/springframework/boot/spring-boot-starter-logging/3.1.1/spring-boot-starter-logging-3.1.1.jar:/home/yanncedrick/.m2/repository/ch/qos/logback/logback-classic/1.4.8/logback-classic-1.4.8.jar:/home/yanncedrick/.m2/repository/ch/qos/logback/logback-core/1.4.8/logback-core-1.4.8.jar:/home/yanncedrick/.m2/repository/org/apache/logging/log4j/log4j-to-slf4j/2.20.0/log4j-to-slf4j-2.20.0.jar:/home/yanncedrick/.m2/repository/org/apache/logging/log4j/log4j-api/2.20.0/log4j-api-2.20.0.jar:/home/yanncedrick/.m2/repository/org/slf4j/jul-to-slf4j/2.0.7/jul-to-slf4j-2.0.7.jar:/home/yanncedrick/.m2/repository/jakarta/annotation/jakarta.annotation-api/2.1.1/jakarta.annotation-api-2.1.1.jar:/home/yanncedrick/.m2/repository/org/yaml/snakeyaml/1.33/snakeyaml-1.33.jar:/home/yanncedrick/.m2/repository/org/springframework/boot/spring-boot-actuator-autoconfigure/3.1.1/spring-boot-actuator-autoconfigure-3.1.1.jar:/home/yanncedrick/.m2/repository/org/springframework/boot/spring-boot-actuator/3.1.1/spring-boot-actuator-3.1.1.jar:/home/yanncedrick/.m2/repository/com/fasterxml/jackson/core/jackson-databind/2.15.2/jackson-databind-2.15.2.jar:/home/yanncedrick/.m2/repository/com/fasterxml/jackson/core/jackson-core/2.15.2/jackson-core-2.15.2.jar:/home/yanncedrick/.m2/repository/com/fasterxml/jackson/datatype/jackson-datatype-jsr310/2.15.2/jackson-datatype-jsr310-2.15.2.jar:/home/yanncedrick/.m2/repository/io/micrometer/micrometer-observation/1.11.1/micrometer-observation-1.11.1.jar:/home/yanncedrick/.m2/repository/io/micrometer/micrometer-commons/1.11.1/micrometer-commons-1.11.1.jar:/home/yanncedrick/.m2/repository/io/micrometer/micrometer-jakarta9/1.12.0/micrometer-jakarta9-1.12.0.jar:/home/yanncedrick/.m2/repository/org/springframework/boot/spring-boot-starter-data-mongodb/3.1.1/spring-boot-starter-data-mongodb-3.1.1.jar:/home/yanncedrick/.m2/repository/org/mongodb/mongodb-driver-sync/4.9.1/mongodb-driver-sync-4.9.1.jar:/home/yanncedrick/.m2/repository/org/mongodb/bson/4.9.1/bson-4.9.1.jar:/home/yanncedrick/.m2/repository/org/mongodb/mongodb-driver-core/4.9.1/mongodb-driver-core-4.9.1.jar:/home/yanncedrick/.m2/repository/org/mongodb/bson-record-codec/4.9.1/bson-record-codec-4.9.1.jar:/home/yanncedrick/.m2/repository/org/springframework/data/spring-data-mongodb/4.1.1/spring-data-mongodb-4.1.1.jar:/home/yanncedrick/.m2/repository/org/springframework/spring-tx/6.0.10/spring-tx-6.0.10.jar:/home/yanncedrick/.m2/repository/org/springframework/spring-context/6.0.10/spring-context-6.0.10.jar:/home/yanncedrick/.m2/repository/org/springframework/spring-beans/6.0.10/spring-beans-6.0.10.jar:/home/yanncedrick/.m2/repository/org/springframework/spring-expression/6.0.10/spring-expression-6.0.10.jar:/home/yanncedrick/.m2/repository/org/springframework/data/spring-data-commons/3.1.1/spring-data-commons-3.1.1.jar:/home/yanncedrick/.m2/repository/io/micrometer/micrometer-registry-prometheus/1.11.1/micrometer-registry-prometheus-1.11.1.jar:/home/yanncedrick/.m2/repository/io/micrometer/micrometer-core/1.11.1/micrometer-core-1.11.1.jar:/home/yanncedrick/.m2/repository/org/hdrhistogram/HdrHistogram/2.1.12/HdrHistogram-2.1.12.jar:/home/yanncedrick/.m2/repository/org/latencyutils/LatencyUtils/2.0.3/LatencyUtils-2.0.3.jar:/home/yanncedrick/.m2/repository/io/prometheus/simpleclient_common/0.16.0/simpleclient_common-0.16.0.jar:/home/yanncedrick/.m2/repository/io/prometheus/simpleclient/0.16.0/simpleclient-0.16.0.jar:/home/yanncedrick/.m2/repository/io/prometheus/simpleclient_tracer_otel/0.16.0/simpleclient_tracer_otel-0.16.0.jar:/home/yanncedrick/.m2/repository/io/prometheus/simpleclient_tracer_common/0.16.0/simpleclient_tracer_common-0.16.0.jar:/home/yanncedrick/.m2/repository/io/prometheus/simpleclient_tracer_otel_agent/0.16.0/simpleclient_tracer_otel_agent-0.16.0.jar:/home/yanncedrick/.m2/repository/org/springframework/boot/spring-boot-starter-web/3.1.1/spring-boot-starter-web-3.1.1.jar:/home/yanncedrick/.m2/repository/org/springframework/boot/spring-boot-starter-json/3.1.1/spring-boot-starter-json-3.1.1.jar:/home/yanncedrick/.m2/repository/com/fasterxml/jackson/datatype/jackson-datatype-jdk8/2.15.2/jackson-datatype-jdk8-2.15.2.jar:/home/yanncedrick/.m2/repository/com/fasterxml/jackson/module/jackson-module-parameter-names/2.15.2/jackson-module-parameter-names-2.15.2.jar:/home/yanncedrick/.m2/repository/org/springframework/boot/spring-boot-starter-tomcat/3.1.1/spring-boot-starter-tomcat-3.1.1.jar:/home/yanncedrick/.m2/repository/org/apache/tomcat/embed/tomcat-embed-core/10.1.10/tomcat-embed-core-10.1.10.jar:/home/yanncedrick/.m2/repository/org/apache/tomcat/embed/tomcat-embed-websocket/10.1.10/tomcat-embed-websocket-10.1.10.jar:/home/yanncedrick/.m2/repository/org/springframework/spring-web/6.0.10/spring-web-6.0.10.jar:/home/yanncedrick/.m2/repository/org/springframework/spring-webmvc/6.0.10/spring-webmvc-6.0.10.jar:/home/yanncedrick/.m2/repository/org/springframework/spring-aop/6.0.10/spring-aop-6.0.10.jar:/home/yanncedrick/.m2/repository/org/springframework/data/spring-data-rest-hal-explorer/4.1.1/spring-data-rest-hal-explorer-4.1.1.jar:/home/yanncedrick/.m2/repository/org/springframework/data/spring-data-rest-webmvc/4.1.1/spring-data-rest-webmvc-4.1.1.jar:/home/yanncedrick/.m2/repository/org/springframework/data/spring-data-rest-core/4.1.1/spring-data-rest-core-4.1.1.jar:/home/yanncedrick/.m2/repository/org/springframework/hateoas/spring-hateoas/2.1.0/spring-hateoas-2.1.0.jar:/home/yanncedrick/.m2/repository/org/springframework/plugin/spring-plugin-core/3.0.0/spring-plugin-core-3.0.0.jar:/home/yanncedrick/.m2/repository/org/atteo/evo-inflector/1.3/evo-inflector-1.3.jar:/home/yanncedrick/.m2/repository/com/fasterxml/jackson/core/jackson-annotations/2.15.2/jackson-annotations-2.15.2.jar:/home/yanncedrick/.m2/repository/org/slf4j/slf4j-api/2.0.7/slf4j-api-2.0.7.jar:/home/yanncedrick/.m2/repository/org/springframework/boot/spring-boot-devtools/3.1.1/spring-boot-devtools-3.1.1.jar:/home/yanncedrick/.m2/repository/org/springframework/boot/spring-boot/3.1.1/spring-boot-3.1.1.jar:/home/yanncedrick/.m2/repository/org/springframework/boot/spring-boot-autoconfigure/3.1.1/spring-boot-autoconfigure-3.1.1.jar:/home/yanncedrick/.m2/repository/org/projectlombok/lombok/1.18.28/lombok-1.18.28.jar:/home/yanncedrick/.m2/repository/org/springframework/boot/spring-boot-starter-test/3.1.1/spring-boot-starter-test-3.1.1.jar:/home/yanncedrick/.m2/repository/org/springframework/boot/spring-boot-test/3.1.1/spring-boot-test-3.1.1.jar:/home/yanncedrick/.m2/repository/org/springframework/boot/spring-boot-test-autoconfigure/3.1.1/spring-boot-test-autoconfigure-3.1.1.jar:/home/yanncedrick/.m2/repository/com/jayway/jsonpath/json-path/2.8.0/json-path-2.8.0.jar:/home/yanncedrick/.m2/repository/jakarta/xml/bind/jakarta.xml.bind-api/4.0.0/jakarta.xml.bind-api-4.0.0.jar:/home/yanncedrick/.m2/repository/jakarta/activation/jakarta.activation-api/2.1.2/jakarta.activation-api-2.1.2.jar:/home/yanncedrick/.m2/repository/net/minidev/json-smart/2.4.11/json-smart-2.4.11.jar:/home/yanncedrick/.m2/repository/net/minidev/accessors-smart/2.4.11/accessors-smart-2.4.11.jar:/home/yanncedrick/.m2/repository/org/ow2/asm/asm/9.3/asm-9.3.jar:/home/yanncedrick/.m2/repository/org/assertj/assertj-core/3.24.2/assertj-core-3.24.2.jar:/home/yanncedrick/.m2/repository/net/bytebuddy/byte-buddy/1.14.5/byte-buddy-1.14.5.jar:/home/yanncedrick/.m2/repository/org/hamcrest/hamcrest/2.2/hamcrest-2.2.jar:/home/yanncedrick/.m2/repository/org/junit/jupiter/junit-jupiter/5.9.3/junit-jupiter-5.9.3.jar:/home/yanncedrick/.m2/repository/org/junit/jupiter/junit-jupiter-api/5.9.3/junit-jupiter-api-5.9.3.jar:/home/yanncedrick/.m2/repository/org/opentest4j/opentest4j/1.2.0/opentest4j-1.2.0.jar:/home/yanncedrick/.m2/repository/org/junit/platform/junit-platform-commons/1.9.3/junit-platform-commons-1.9.3.jar:/home/yanncedrick/.m2/repository/org/apiguardian/apiguardian-api/1.1.2/apiguardian-api-1.1.2.jar:/home/yanncedrick/.m2/repository/org/junit/jupiter/junit-jupiter-params/5.9.3/junit-jupiter-params-5.9.3.jar:/home/yanncedrick/.m2/repository/org/junit/jupiter/junit-jupiter-engine/5.9.3/junit-jupiter-engine-5.9.3.jar:/home/yanncedrick/.m2/repository/org/junit/platform/junit-platform-engine/1.9.3/junit-platform-engine-1.9.3.jar:/home/yanncedrick/.m2/repository/org/mockito/mockito-core/5.3.1/mockito-core-5.3.1.jar:/home/yanncedrick/.m2/repository/net/bytebuddy/byte-buddy-agent/1.14.5/byte-buddy-agent-1.14.5.jar:/home/yanncedrick/.m2/repository/org/objenesis/objenesis/3.3/objenesis-3.3.jar:/home/yanncedrick/.m2/repository/org/mockito/mockito-junit-jupiter/5.3.1/mockito-junit-jupiter-5.3.1.jar:/home/yanncedrick/.m2/repository/org/skyscreamer/jsonassert/1.5.1/jsonassert-1.5.1.jar:/home/yanncedrick/.m2/repository/com/vaadin/external/google/android-json/0.0.20131108.vaadin1/android-json-0.0.20131108.vaadin1.jar:/home/yanncedrick/.m2/repository/org/springframework/spring-core/6.0.10/spring-core-6.0.10.jar:/home/yanncedrick/.m2/repository/org/springframework/spring-jcl/6.0.10/spring-jcl-6.0.10.jar:/home/yanncedrick/.m2/repository/org/springframework/spring-test/6.0.10/spring-test-6.0.10.jar:/home/yanncedrick/.m2/repository/org/xmlunit/xmlunit-core/2.9.1/xmlunit-core-2.9.1.jar:/home/yanncedrick/.m2/repository/org/springdoc/springdoc-openapi-starter-webmvc-ui/2.0.4/springdoc-openapi-starter-webmvc-ui-2.0.4.jar:/home/yanncedrick/.m2/repository/org/springdoc/springdoc-openapi-starter-webmvc-api/2.0.4/springdoc-openapi-starter-webmvc-api-2.0.4.jar:/home/yanncedrick/.m2/repository/org/springdoc/springdoc-openapi-starter-common/2.0.4/springdoc-openapi-starter-common-2.0.4.jar:/home/yanncedrick/.m2/repository/io/swagger/core/v3/swagger-core-jakarta/2.2.8/swagger-core-jakarta-2.2.8.jar:/home/yanncedrick/.m2/repository/org/apache/commons/commons-lang3/3.12.0/commons-lang3-3.12.0.jar:/home/yanncedrick/.m2/repository/io/swagger/core/v3/swagger-annotations-jakarta/2.2.8/swagger-annotations-jakarta-2.2.8.jar:/home/yanncedrick/.m2/repository/io/swagger/core/v3/swagger-models-jakarta/2.2.8/swagger-models-jakarta-2.2.8.jar:/home/yanncedrick/.m2/repository/com/fasterxml/jackson/dataformat/jackson-dataformat-yaml/2.15.2/jackson-dataformat-yaml-2.15.2.jar:/home/yanncedrick/.m2/repository/org/webjars/swagger-ui/4.18.1/swagger-ui-4.18.1.jar:/home/yanncedrick/.m2/repository/org/webjars/webjars-locator-core/0.52/webjars-locator-core-0.52.jar:/home/yanncedrick/.m2/repository/io/github/classgraph/classgraph/4.8.149/classgraph-4.8.149.jar:/home/yanncedrick/.m2/repository/org/springdoc/springdoc-openapi-ui/1.6.15/springdoc-openapi-ui-1.6.15.jar:/home/yanncedrick/.m2/repository/org/springdoc/springdoc-openapi-webmvc-core/1.6.15/springdoc-openapi-webmvc-core-1.6.15.jar:/home/yanncedrick/.m2/repository/org/springdoc/springdoc-openapi-common/1.6.15/springdoc-openapi-common-1.6.15.jar:/home/yanncedrick/.m2/repository/io/swagger/core/v3/swagger-core/2.2.8/swagger-core-2.2.8.jar:/home/yanncedrick/.m2/repository/io/swagger/core/v3/swagger-annotations/2.2.8/swagger-annotations-2.2.8.jar:/home/yanncedrick/.m2/repository/io/swagger/core/v3/swagger-models/2.2.8/swagger-models-2.2.8.jar:/home/yanncedrick/.m2/repository/org/springframework/boot/spring-boot-starter-validation/3.0.2/spring-boot-starter-validation-3.0.2.jar:/home/yanncedrick/.m2/repository/org/apache/tomcat/embed/tomcat-embed-el/10.1.10/tomcat-embed-el-10.1.10.jar:/home/yanncedrick/.m2/repository/org/hibernate/validator/hibernate-validator/8.0.0.Final/hibernate-validator-8.0.0.Final.jar:/home/yanncedrick/.m2/repository/jakarta/validation/jakarta.validation-api/3.0.2/jakarta.validation-api-3.0.2.jar:/home/yanncedrick/.m2/repository/org/jboss/logging/jboss-logging/3.5.1.Final/jboss-logging-3.5.1.Final.jar:/home/yanncedrick/.m2/repository/com/fasterxml/classmate/1.5.1/classmate-1.5.1.jar:/home/yanncedrick/.m2/repository/jakarta/persistence/jakarta.persistence-api/3.1.0/jakarta.persistence-api-3.1.0.jar:/home/yanncedrick/.m2/repository/com/fasterxml/uuid/java-uuid-generator/3.1.4/java-uuid-generator-3.1.4.jar:/home/yanncedrick/.m2/repository/org/hibernate/hibernate-annotations/3.4.0.GA/hibernate-annotations-3.4.0.GA.jar:/home/yanncedrick/.m2/repository/org/hibernate/ejb3-persistence/1.0.2.GA/ejb3-persistence-1.0.2.GA.jar:/home/yanncedrick/.m2/repository/org/hibernate/hibernate-commons-annotations/3.1.0.GA/hibernate-commons-annotations-3.1.0.GA.jar:/home/yanncedrick/.m2/repository/org/hibernate/hibernate-core/3.3.0.SP1/hibernate-core-3.3.0.SP1.jar:/home/yanncedrick/.m2/repository/antlr/antlr/2.7.6/antlr-2.7.6.jar:/home/yanncedrick/.m2/repository/commons-collections/commons-collections/3.1/commons-collections-3.1.jar:/home/yanncedrick/.m2/repository/javax/transaction/jta/1.1/jta-1.1.jar:/home/yanncedrick/.m2/repository/dom4j/dom4j/1.6.1/dom4j-1.6.1.jar:/home/yanncedrick/.m2/repository/xml-apis/xml-apis/1.0.b2/xml-apis-1.0.b2.jar:/home/yanncedrick/.m2/repository/org/springframework/boot/spring-boot-starter-webflux/3.1.1/spring-boot-starter-webflux-3.1.1.jar:/home/yanncedrick/.m2/repository/org/springframework/boot/spring-boot-starter-reactor-netty/3.1.1/spring-boot-starter-reactor-netty-3.1.1.jar:/home/yanncedrick/.m2/repository/io/projectreactor/netty/reactor-netty-http/1.1.8/reactor-netty-http-1.1.8.jar:/home/yanncedrick/.m2/repository/io/netty/netty-codec-http/4.1.94.Final/netty-codec-http-4.1.94.Final.jar:/home/yanncedrick/.m2/repository/io/netty/netty-common/4.1.94.Final/netty-common-4.1.94.Final.jar:/home/yanncedrick/.m2/repository/io/netty/netty-buffer/4.1.94.Final/netty-buffer-4.1.94.Final.jar:/home/yanncedrick/.m2/repository/io/netty/netty-transport/4.1.94.Final/netty-transport-4.1.94.Final.jar:/home/yanncedrick/.m2/repository/io/netty/netty-codec/4.1.94.Final/netty-codec-4.1.94.Final.jar:/home/yanncedrick/.m2/repository/io/netty/netty-handler/4.1.94.Final/netty-handler-4.1.94.Final.jar:/home/yanncedrick/.m2/repository/io/netty/netty-codec-http2/4.1.94.Final/netty-codec-http2-4.1.94.Final.jar:/home/yanncedrick/.m2/repository/io/netty/netty-resolver-dns/4.1.94.Final/netty-resolver-dns-4.1.94.Final.jar:/home/yanncedrick/.m2/repository/io/netty/netty-resolver/4.1.94.Final/netty-resolver-4.1.94.Final.jar:/home/yanncedrick/.m2/repository/io/netty/netty-codec-dns/4.1.94.Final/netty-codec-dns-4.1.94.Final.jar:/home/yanncedrick/.m2/repository/io/netty/netty-resolver-dns-native-macos/4.1.94.Final/netty-resolver-dns-native-macos-4.1.94.Final-osx-x86_64.jar:/home/yanncedrick/.m2/repository/io/netty/netty-resolver-dns-classes-macos/4.1.94.Final/netty-resolver-dns-classes-macos-4.1.94.Final.jar:/home/yanncedrick/.m2/repository/io/netty/netty-transport-native-epoll/4.1.94.Final/netty-transport-native-epoll-4.1.94.Final-linux-x86_64.jar:/home/yanncedrick/.m2/repository/io/netty/netty-transport-native-unix-common/4.1.94.Final/netty-transport-native-unix-common-4.1.94.Final.jar:/home/yanncedrick/.m2/repository/io/netty/netty-transport-classes-epoll/4.1.94.Final/netty-transport-classes-epoll-4.1.94.Final.jar:/home/yanncedrick/.m2/repository/io/projectreactor/netty/reactor-netty-core/1.1.8/reactor-netty-core-1.1.8.jar:/home/yanncedrick/.m2/repository/io/netty/netty-handler-proxy/4.1.94.Final/netty-handler-proxy-4.1.94.Final.jar:/home/yanncedrick/.m2/repository/io/netty/netty-codec-socks/4.1.94.Final/netty-codec-socks-4.1.94.Final.jar:/home/yanncedrick/.m2/repository/org/springframework/spring-webflux/6.0.10/spring-webflux-6.0.10.jar:/home/yanncedrick/.m2/repository/io/projectreactor/reactor-core/3.5.7/reactor-core-3.5.7.jar:/home/yanncedrick/.m2/repository/org/reactivestreams/reactive-streams/1.0.4/reactive-streams-1.0.4.jar:/home/yanncedrick/.m2/repository/org/springframework/cloud/spring-cloud-starter-openfeign/3.1.1/spring-cloud-starter-openfeign-3.1.1.jar:/home/yanncedrick/.m2/repository/org/springframework/cloud/spring-cloud-starter/3.1.1/spring-cloud-starter-3.1.1.jar:/home/yanncedrick/.m2/repository/org/springframework/cloud/spring-cloud-context/3.1.1/spring-cloud-context-3.1.1.jar:/home/yanncedrick/.m2/repository/org/springframework/security/spring-security-rsa/1.0.10.RELEASE/spring-security-rsa-1.0.10.RELEASE.jar:/home/yanncedrick/.m2/repository/org/bouncycastle/bcpkix-jdk15on/1.68/bcpkix-jdk15on-1.68.jar:/home/yanncedrick/.m2/repository/org/bouncycastle/bcprov-jdk15on/1.68/bcprov-jdk15on-1.68.jar:/home/yanncedrick/.m2/repository/org/springframework/cloud/spring-cloud-openfeign-core/3.1.1/spring-cloud-openfeign-core-3.1.1.jar:/home/yanncedrick/.m2/repository/org/springframework/boot/spring-boot-starter-aop/3.1.1/spring-boot-starter-aop-3.1.1.jar:/home/yanncedrick/.m2/repository/org/aspectj/aspectjweaver/1.9.19/aspectjweaver-1.9.19.jar:/home/yanncedrick/.m2/repository/io/github/openfeign/form/feign-form-spring/3.8.0/feign-form-spring-3.8.0.jar:/home/yanncedrick/.m2/repository/io/github/openfeign/form/feign-form/3.8.0/feign-form-3.8.0.jar:/home/yanncedrick/.m2/repository/commons-fileupload/commons-fileupload/1.4/commons-fileupload-1.4.jar:/home/yanncedrick/.m2/repository/commons-io/commons-io/2.2/commons-io-2.2.jar:/home/yanncedrick/.m2/repository/org/springframework/cloud/spring-cloud-commons/3.1.1/spring-cloud-commons-3.1.1.jar:/home/yanncedrick/.m2/repository/org/springframework/security/spring-security-crypto/6.1.1/spring-security-crypto-6.1.1.jar:/home/yanncedrick/.m2/repository/io/github/openfeign/feign-core/11.8/feign-core-11.8.jar:/home/yanncedrick/.m2/repository/io/github/openfeign/feign-slf4j/11.8/feign-slf4j-11.8.jar:/home/yanncedrick/.m2/repository/com/stripe/stripe-java/22.28.0/stripe-java-22.28.0.jar:/home/yanncedrick/.m2/repository/com/google/code/gson/gson/2.10.1/gson-2.10.1.jar:"/>
    <property name="sun.cpu.endian" value="little"/>
    <property name="user.home" value="/home/yanncedrick"/>
    <property name="user.language" value="en"/>
    <property name="java.specification.vendor" value="Oracle Corporation"/>
    <property name="java.version.date" value="2023-08-24"/>
    <property name="java.home" value="/usr/lib/jvm/java-17-openjdk-amd64"/>
    <property name="file.separator" value="/"/>
    <property name="basedir" value="/home/yanncedrick/SYSTEME-DE-GESTION-DES-LICENCES"/>
    <property name="java.vm.compressedOopsMode" value="32-bit"/>
    <property name="line.separator" value="&#10;"/>
    <property name="java.specification.name" value="Java Platform API Specification"/>
    <property name="java.vm.specification.vendor" value="Oracle Corporation"/>
    <property name="FILE_LOG_CHARSET" value="UTF-8"/>
    <property name="java.awt.headless" value="true"/>
    <property name="surefire.real.class.path" value="/home/yanncedrick/SYSTEME-DE-GESTION-DES-LICENCES/target/surefire/surefirebooter-20231201083246165_3.jar"/>
    <property name="sun.management.compiler" value="HotSpot 64-Bit Tiered Compilers"/>
    <property name="java.runtime.version" value="17.0.8.1+1-Ubuntu-0ubuntu122.04"/>
    <property name="user.name" value="yanncedrick"/>
    <property name="path.separator" value=":"/>
    <property name="os.version" value="6.2.0-36-generic"/>
    <property name="java.runtime.name" value="OpenJDK Runtime Environment"/>
    <property name="file.encoding" value="UTF-8"/>
    <property name="java.vm.name" value="OpenJDK 64-Bit Server VM"/>
    <property name="localRepository" value="/home/yanncedrick/.m2/repository"/>
    <property name="java.vendor.url.bug" value="Unknown"/>
    <property name="java.io.tmpdir" value="/tmp"/>
    <property name="java.version" value="17.0.8.1"/>
    <property name="user.dir" value="/home/yanncedrick/SYSTEME-DE-GESTION-DES-LICENCES"/>
    <property name="os.arch" value="amd64"/>
    <property name="java.vm.specification.name" value="Java Virtual Machine Specification"/>
    <property name="PID" value="10911"/>
    <property name="CONSOLE_LOG_CHARSET" value="UTF-8"/>
    <property name="native.encoding" value="UTF-8"/>
    <property name="java.library.path" value="/usr/java/packages/lib:/usr/lib/x86_64-linux-gnu/jni:/lib/x86_64-linux-gnu:/usr/lib/x86_64-linux-gnu:/usr/lib/jni:/lib:/usr/lib"/>
    <property name="java.vm.info" value="mixed mode, sharing"/>
    <property name="java.vendor" value="Private Build"/>
    <property name="java.vm.version" value="17.0.8.1+1-Ubuntu-0ubuntu122.04"/>
    <property name="sun.io.unicode.encoding" value="UnicodeLittle"/>
    <property name="java.class.version" value="61.0"/>
  </properties>
  <testcase name="contextLoads" classname="com.quantechs.Licences.LicencesApplicationTests" time="0.951">
    <system-out><![CDATA[08:32:48.302 [main] INFO org.springframework.test.context.support.AnnotationConfigContextLoaderUtils -- Could not detect default configuration classes for test class [com.quantechs.Licences.LicencesApplicationTests]: LicencesApplicationTests does not declare any static, non-private, non-final, nested classes annotated with @Configuration.
08:32:48.525 [main] INFO org.springframework.boot.test.context.SpringBootTestContextBootstrapper -- Found @SpringBootConfiguration com.quantechs.Licences.LicencesApplication for test class com.quantechs.Licences.LicencesApplicationTests

  .   ____          _            __ _ _
 /\\ / ___'_ __ _ _(_)_ __  __ _ \ \ \ \
( ( )\___ | '_ | '_| | '_ \/ _` | \ \ \ \
 \\/  ___)| |_)| | | | | || (_| |  ) ) ) )
  '  |____| .__|_| |_|_| |_\__, | / / / /
 =========|_|==============|___/=/_/_/_/
 :: Spring Boot ::                (v3.1.1)

2023-12-01T08:32:50.283+01:00  INFO 10911 --- [           main] c.q.Licences.LicencesApplicationTests    : Starting LicencesApplicationTests using Java 17.0.8.1 with PID 10911 (started by yanncedrick in /home/yanncedrick/SYSTEME-DE-GESTION-DES-LICENCES)
2023-12-01T08:32:50.285+01:00  INFO 10911 --- [           main] c.q.Licences.LicencesApplicationTests    : No active profile set, falling back to 1 default profile: "default"
2023-12-01T08:32:51.820+01:00  INFO 10911 --- [           main] .s.d.r.c.RepositoryConfigurationDelegate : Bootstrapping Spring Data MongoDB repositories in DEFAULT mode.
2023-12-01T08:32:51.993+01:00  INFO 10911 --- [           main] .s.d.r.c.RepositoryConfigurationDelegate : Finished Spring Data repository scanning in 169 ms. Found 3 MongoDB repository interfaces.
2023-12-01T08:32:52.666+01:00  INFO 10911 --- [           main] org.mongodb.driver.client                : MongoClient with metadata {"driver": {"name": "mongo-java-driver|sync|spring-boot", "version": "4.9.1"}, "os": {"type": "Linux", "name": "Linux", "architecture": "amd64", "version": "6.2.0-36-generic"}, "platform": "Java/Private Build/17.0.8.1+1-Ubuntu-0ubuntu122.04"} created with settings MongoClientSettings{readPreference=primary, writeConcern=WriteConcern{w=null, wTimeout=null ms, journal=null}, retryWrites=true, retryReads=true, readConcern=ReadConcern{level=null}, credential=null, streamFactoryFactory=null, commandListeners=[io.micrometer.core.instrument.binder.mongodb.MongoMetricsCommandListener@25214797], codecRegistry=ProvidersCodecRegistry{codecProviders=[ValueCodecProvider{}, BsonValueCodecProvider{}, DBRefCodecProvider{}, DBObjectCodecProvider{}, DocumentCodecProvider{}, CollectionCodecProvider{}, IterableCodecProvider{}, MapCodecProvider{}, GeoJsonCodecProvider{}, GridFSFileCodecProvider{}, Jsr310CodecProvider{}, JsonObjectCodecProvider{}, BsonCodecProvider{}, EnumCodecProvider{}, com.mongodb.client.model.mql.ExpressionCodecProvider@4e5c8ef3, com.mongodb.Jep395RecordCodecProvider@60928a61]}, loggerSettings=LoggerSettings{maxDocumentLength=1000}, clusterSettings={hosts=[127.0.0.1:27017], srvServiceName=mongodb, mode=SINGLE, requiredClusterType=UNKNOWN, requiredReplicaSetName='null', serverSelector='null', clusterListeners='[]', serverSelectionTimeout='30000 ms', localThreshold='30000 ms'}, socketSettings=SocketSettings{connectTimeoutMS=10000, readTimeoutMS=0, receiveBufferSize=0, sendBufferSize=0}, heartbeatSocketSettings=SocketSettings{connectTimeoutMS=10000, readTimeoutMS=10000, receiveBufferSize=0, sendBufferSize=0}, connectionPoolSettings=ConnectionPoolSettings{maxSize=100, minSize=0, maxWaitTimeMS=120000, maxConnectionLifeTimeMS=0, maxConnectionIdleTimeMS=0, maintenanceInitialDelayMS=0, maintenanceFrequencyMS=60000, connectionPoolListeners=[io.micrometer.core.instrument.binder.mongodb.MongoMetricsConnectionPoolListener@27358a19], maxConnecting=2}, serverSettings=ServerSettings{heartbeatFrequencyMS=10000, minHeartbeatFrequencyMS=500, serverListeners='[]', serverMonitorListeners='[]'}, sslSettings=SslSettings{enabled=false, invalidHostNameAllowed=false, context=null}, applicationName='null', compressorList=[], uuidRepresentation=JAVA_LEGACY, serverApi=null, autoEncryptionSettings=null, contextProvider=null}
2023-12-01T08:32:52.701+01:00  INFO 10911 --- [127.0.0.1:27017] org.mongodb.driver.cluster               : Monitor thread successfully connected to server with description ServerDescription{address=127.0.0.1:27017, type=STANDALONE, state=CONNECTED, ok=true, minWireVersion=0, maxWireVersion=21, maxDocumentSize=16777216, logicalSessionTimeoutMinutes=30, roundTripTimeNanos=32654732}
2023-12-01T08:32:55.575+01:00  INFO 10911 --- [           main] o.s.b.a.e.web.EndpointLinksResolver      : Exposing 13 endpoint(s) beneath base path '/actuator'
2023-12-01T08:32:55.668+01:00  INFO 10911 --- [           main] c.q.Licences.LicencesApplicationTests    : Started LicencesApplicationTests in 6.956 seconds (process running for 9.402)
]]></system-out>
  </testcase>
</testsuite>